0 verbose cli C:\Program Files\nodejs\node.exe C:\Users\Yamila\AppData\Roaming\npm\node_modules\npm\bin\npm-cli.js
1 info using npm@11.2.0
2 info using node@v22.14.0
3 silly config load:file:C:\Users\Yamila\AppData\Roaming\npm\node_modules\npm\npmrc
4 silly config load:file:C:\Users\Yamila\Desktop\TrabajoPractico\.npmrc
5 silly config load:file:C:\Users\Yamila\.npmrc
6 silly config load:file:C:\Users\Yamila\AppData\Roaming\npm\etc\npmrc
7 verbose title npm run dev
8 verbose argv "run" "dev"
9 verbose logfile logs-max:10 dir:C:\Users\Yamila\Desktop\TrabajoPractico\tempnpm-cache\_logs\2025-04-21T23_57_08_108Z-
10 verbose logfile C:\Users\Yamila\Desktop\TrabajoPractico\tempnpm-cache\_logs\2025-04-21T23_57_08_108Z-debug-0.log
11 silly logfile done cleaning log files
12 http fetch GET 200 https://registry.npmjs.org/npm 597ms
13 verbose cwd C:\Users\Yamila\Desktop\TrabajoPractico
14 verbose os Windows_NT 10.0.19045
15 verbose node v22.14.0
16 verbose npm  v11.2.0
17 notice
17 notice New [33mminor[39m version of npm available! [33m11.2.0[39m -> [34m11.3.0[39m
17 notice Changelog: [34mhttps://github.com/npm/cli/releases/tag/v11.3.0[39m
17 notice To update run: [4mnpm install -g npm@11.3.0[24m
17 notice  { force: true, [Symbol(proc-log.meta)]: true }
18 verbose exit 134
19 verbose code 134
